[0.087s] DEBUG:colcon:Command line arguments: ['/usr/bin/colcon', 'build', '--symlink-install']
[0.087s] DEBUG:colcon:Parsed command line arguments: Namespace(log_base=None, log_level=None, verb_name='build', build_base='build', install_base='install', merge_install=False, symlink_install=True, test_result_base=None, continue_on_error=False, executor='parallel', parallel_workers=16, event_handlers=None, ignore_user_meta=False, metas=['./colcon.meta'], base_paths=['.'], packages_ignore=None, packages_ignore_regex=None, paths=None, packages_up_to=None, packages_up_to_regex=None, packages_above=None, packages_above_and_dependencies=None, packages_above_depth=None, packages_select_by_dep=None, packages_skip_by_dep=None, packages_skip_up_to=None, packages_select_build_failed=False, packages_skip_build_finished=False, packages_select_test_failures=False, packages_skip_test_passed=False, packages_select=None, packages_skip=None, packages_select_regex=None, packages_skip_regex=None, packages_start=None, packages_end=None, allow_overriding=[], cmake_args=None, cmake_target=None, cmake_target_skip_unavailable=False, cmake_clean_cache=False, cmake_clean_first=False, cmake_force_configure=False, ament_cmake_args=None, catkin_cmake_args=None, catkin_skip_building_tests=False, mixin_files=None, mixin=None, verb_parser=<colcon_mixin.mixin.mixin_argument.MixinArgumentDecorator object at 0x7d7baed3bd60>, verb_extension=<colcon_core.verb.build.BuildVerb object at 0x7d7baee70af0>, main=<bound method BuildVerb.main of <colcon_core.verb.build.BuildVerb object at 0x7d7baee70af0>>, mixin_verb=('build',))
[0.225s] Level 1:colcon.colcon_core.package_discovery:discover_packages(colcon_meta) check parameters
[0.226s] Level 1:colcon.colcon_core.package_discovery:discover_packages(recursive) check parameters
[0.226s] Level 1:colcon.colcon_core.package_discovery:discover_packages(ignore) check parameters
[0.226s] Level 1:colcon.colcon_core.package_discovery:discover_packages(path) check parameters
[0.226s] Level 1:colcon.colcon_core.package_discovery:discover_packages(colcon_meta) discover
[0.226s] Level 1:colcon.colcon_core.package_discovery:discover_packages(recursive) discover
[0.226s] INFO:colcon.colcon_core.package_discovery:Crawling recursively for packages in '/home/hsh/autonomy_ws/src/autonomy_repo'
[0.226s] Level 1:colcon.colcon_core.package_identification:_identify(.) by extensions ['ignore', 'ignore_ament_install']
[0.226s] Level 1:colcon.colcon_core.package_identification:_identify(.) by extension 'ignore'
[0.226s] Level 1:colcon.colcon_core.package_identification:_identify(.) by extension 'ignore_ament_install'
[0.226s] Level 1:colcon.colcon_core.package_identification:_identify(.) by extensions ['colcon_pkg']
[0.226s] Level 1:colcon.colcon_core.package_identification:_identify(.) by extension 'colcon_pkg'
[0.226s] Level 1:colcon.colcon_core.package_identification:_identify(.) by extensions ['colcon_meta']
[0.226s] Level 1:colcon.colcon_core.package_identification:_identify(.) by extension 'colcon_meta'
[0.226s] Level 1:colcon.colcon_core.package_identification:_identify(.) by extensions ['ros']
[0.226s] Level 1:colcon.colcon_core.package_identification:_identify(.) by extension 'ros'
[0.237s] DEBUG:colcon.colcon_core.package_identification:Package '.' with type 'ros.ament_cmake' and name 'autonomy_repo'
[0.237s] Level 1:colcon.colcon_core.package_discovery:discover_packages(recursive) using defaults
[0.237s] Level 1:colcon.colcon_core.package_discovery:discover_packages(ignore) discover
[0.237s] Level 1:colcon.colcon_core.package_discovery:discover_packages(ignore) using defaults
[0.237s] Level 1:colcon.colcon_core.package_discovery:discover_packages(path) discover
[0.237s] Level 1:colcon.colcon_core.package_discovery:discover_packages(path) using defaults
[0.270s] Level 1:colcon.colcon_core.package_discovery:discover_packages(prefix_path) check parameters
[0.271s] Level 1:colcon.colcon_core.package_discovery:discover_packages(prefix_path) discover
[0.273s] DEBUG:colcon.colcon_installed_package_information.package_discovery:Found 18 installed packages in /home/hsh/tb_ws/install
[0.274s] DEBUG:colcon.colcon_installed_package_information.package_discovery:Found 299 installed packages in /opt/ros/humble
[0.275s] Level 1:colcon.colcon_core.package_discovery:discover_packages(prefix_path) using defaults
[0.306s] Level 5:colcon.colcon_core.verb:set package 'autonomy_repo' build argument 'cmake_args' from command line to 'None'
[0.306s] Level 5:colcon.colcon_core.verb:set package 'autonomy_repo' build argument 'cmake_target' from command line to 'None'
[0.306s] Level 5:colcon.colcon_core.verb:set package 'autonomy_repo' build argument 'cmake_target_skip_unavailable' from command line to 'False'
[0.306s] Level 5:colcon.colcon_core.verb:set package 'autonomy_repo' build argument 'cmake_clean_cache' from command line to 'False'
[0.306s] Level 5:colcon.colcon_core.verb:set package 'autonomy_repo' build argument 'cmake_clean_first' from command line to 'False'
[0.306s] Level 5:colcon.colcon_core.verb:set package 'autonomy_repo' build argument 'cmake_force_configure' from command line to 'False'
[0.306s] Level 5:colcon.colcon_core.verb:set package 'autonomy_repo' build argument 'ament_cmake_args' from command line to 'None'
[0.306s] Level 5:colcon.colcon_core.verb:set package 'autonomy_repo' build argument 'catkin_cmake_args' from command line to 'None'
[0.306s] Level 5:colcon.colcon_core.verb:set package 'autonomy_repo' build argument 'catkin_skip_building_tests' from command line to 'False'
[0.306s] DEBUG:colcon.colcon_core.verb:Building package 'autonomy_repo' with the following arguments: {'ament_cmake_args': None, 'build_base': '/home/hsh/autonomy_ws/src/autonomy_repo/build/autonomy_repo', 'catkin_cmake_args': None, 'catkin_skip_building_tests': False, 'cmake_args': None, 'cmake_clean_cache': False, 'cmake_clean_first': False, 'cmake_force_configure': False, 'cmake_target': None, 'cmake_target_skip_unavailable': False, 'install_base': '/home/hsh/autonomy_ws/src/autonomy_repo/install/autonomy_repo', 'merge_install': False, 'path': '/home/hsh/autonomy_ws/src/autonomy_repo', 'symlink_install': True, 'test_result_base': None}
[0.306s] INFO:colcon.colcon_core.executor:Executing jobs using 'parallel' executor
[0.307s] DEBUG:colcon.colcon_parallel_executor.executor.parallel:run_until_complete
[0.308s] INFO:colcon.colcon_ros.task.ament_cmake.build:Building ROS package in '/home/hsh/autonomy_ws/src/autonomy_repo' with build type 'ament_cmake'
[0.308s] INFO:colcon.colcon_cmake.task.cmake.build:Building CMake package in '/home/hsh/autonomy_ws/src/autonomy_repo'
[0.310s] INFO:colcon.colcon_core.plugin_system:Skipping extension 'colcon_core.shell.bat': Not used on non-Windows systems
[0.310s] INFO:colcon.colcon_core.shell:Skip shell extension 'powershell' for command environment: Not usable outside of PowerShell
[0.310s] DEBUG:colcon.colcon_core.shell:Skip shell extension 'dsv' for command environment
[0.323s] DEBUG:colcon.colcon_core.event_handler.log_command:Invoking command in '/home/hsh/autonomy_ws/src/autonomy_repo/build/autonomy_repo': CMAKE_PREFIX_PATH=${CMAKE_PREFIX_PATH}:/opt/ros/humble /usr/bin/cmake /home/hsh/autonomy_ws/src/autonomy_repo -DAMENT_CMAKE_SYMLINK_INSTALL=1 -DCMAKE_INSTALL_PREFIX=/home/hsh/autonomy_ws/src/autonomy_repo/install/autonomy_repo
[0.984s] DEBUG:colcon.colcon_core.event_handler.log_command:Invoked command in '/home/hsh/autonomy_ws/src/autonomy_repo/build/autonomy_repo' returned '0': CMAKE_PREFIX_PATH=${CMAKE_PREFIX_PATH}:/opt/ros/humble /usr/bin/cmake /home/hsh/autonomy_ws/src/autonomy_repo -DAMENT_CMAKE_SYMLINK_INSTALL=1 -DCMAKE_INSTALL_PREFIX=/home/hsh/autonomy_ws/src/autonomy_repo/install/autonomy_repo
[0.986s] DEBUG:colcon.colcon_core.event_handler.log_command:Invoking command in '/home/hsh/autonomy_ws/src/autonomy_repo/build/autonomy_repo': CMAKE_PREFIX_PATH=${CMAKE_PREFIX_PATH}:/opt/ros/humble /usr/bin/cmake --build /home/hsh/autonomy_ws/src/autonomy_repo/build/autonomy_repo -- -j16 -l16
[1.022s] DEBUG:colcon.colcon_core.event_handler.log_command:Invoked command in '/home/hsh/autonomy_ws/src/autonomy_repo/build/autonomy_repo' returned '0': CMAKE_PREFIX_PATH=${CMAKE_PREFIX_PATH}:/opt/ros/humble /usr/bin/cmake --build /home/hsh/autonomy_ws/src/autonomy_repo/build/autonomy_repo -- -j16 -l16
[1.060s] DEBUG:colcon.colcon_core.event_handler.log_command:Invoking command in '/home/hsh/autonomy_ws/src/autonomy_repo/build/autonomy_repo': CMAKE_PREFIX_PATH=${CMAKE_PREFIX_PATH}:/opt/ros/humble /usr/bin/cmake --install /home/hsh/autonomy_ws/src/autonomy_repo/build/autonomy_repo
[1.223s] Level 1:colcon.colcon_core.environment:create_environment_scripts_only(autonomy_repo)
[1.225s] DEBUG:colcon.colcon_core.event_handler.log_command:Invoked command in '/home/hsh/autonomy_ws/src/autonomy_repo/build/autonomy_repo' returned '0': CMAKE_PREFIX_PATH=${CMAKE_PREFIX_PATH}:/opt/ros/humble /usr/bin/cmake --install /home/hsh/autonomy_ws/src/autonomy_repo/build/autonomy_repo
[1.226s] Level 1:colcon.colcon_core.environment:checking '/home/hsh/autonomy_ws/src/autonomy_repo/install/autonomy_repo' for CMake module files
[1.226s] Level 1:colcon.colcon_core.environment:checking '/home/hsh/autonomy_ws/src/autonomy_repo/install/autonomy_repo' for CMake config files
[1.227s] Level 1:colcon.colcon_core.shell:create_environment_hook('autonomy_repo', 'cmake_prefix_path')
[1.227s] INFO:colcon.colcon_core.shell:Creating environment hook '/home/hsh/autonomy_ws/src/autonomy_repo/install/autonomy_repo/share/autonomy_repo/hook/cmake_prefix_path.ps1'
[1.227s] INFO:colcon.colcon_core.shell:Creating environment descriptor '/home/hsh/autonomy_ws/src/autonomy_repo/install/autonomy_repo/share/autonomy_repo/hook/cmake_prefix_path.dsv'
[1.227s] INFO:colcon.colcon_core.shell:Creating environment hook '/home/hsh/autonomy_ws/src/autonomy_repo/install/autonomy_repo/share/autonomy_repo/hook/cmake_prefix_path.sh'
[1.228s] Level 1:colcon.colcon_core.environment:checking '/home/hsh/autonomy_ws/src/autonomy_repo/install/autonomy_repo/lib'
[1.228s] Level 1:colcon.colcon_core.environment:checking '/home/hsh/autonomy_ws/src/autonomy_repo/install/autonomy_repo/bin'
[1.228s] Level 1:colcon.colcon_core.environment:checking '/home/hsh/autonomy_ws/src/autonomy_repo/install/autonomy_repo/lib/pkgconfig/autonomy_repo.pc'
[1.228s] Level 1:colcon.colcon_core.environment:checking '/home/hsh/autonomy_ws/src/autonomy_repo/install/autonomy_repo/lib/python3.10/site-packages'
[1.228s] Level 1:colcon.colcon_core.environment:checking '/home/hsh/autonomy_ws/src/autonomy_repo/install/autonomy_repo/bin'
[1.229s] INFO:colcon.colcon_core.shell:Creating package script '/home/hsh/autonomy_ws/src/autonomy_repo/install/autonomy_repo/share/autonomy_repo/package.ps1'
[1.229s] INFO:colcon.colcon_core.shell:Creating package descriptor '/home/hsh/autonomy_ws/src/autonomy_repo/install/autonomy_repo/share/autonomy_repo/package.dsv'
[1.229s] INFO:colcon.colcon_core.shell:Creating package script '/home/hsh/autonomy_ws/src/autonomy_repo/install/autonomy_repo/share/autonomy_repo/package.sh'
[1.230s] INFO:colcon.colcon_core.shell:Creating package script '/home/hsh/autonomy_ws/src/autonomy_repo/install/autonomy_repo/share/autonomy_repo/package.bash'
[1.230s] INFO:colcon.colcon_core.shell:Creating package script '/home/hsh/autonomy_ws/src/autonomy_repo/install/autonomy_repo/share/autonomy_repo/package.zsh'
[1.230s] Level 1:colcon.colcon_core.environment:create_file_with_runtime_dependencies(/home/hsh/autonomy_ws/src/autonomy_repo/install/autonomy_repo/share/colcon-core/packages/autonomy_repo)
[1.261s] Level 1:colcon.colcon_core.environment:create_environment_scripts_only(autonomy_repo)
[1.261s] Level 1:colcon.colcon_core.environment:checking '/home/hsh/autonomy_ws/src/autonomy_repo/install/autonomy_repo' for CMake module files
[1.262s] Level 1:colcon.colcon_core.environment:checking '/home/hsh/autonomy_ws/src/autonomy_repo/install/autonomy_repo' for CMake config files
[1.262s] Level 1:colcon.colcon_core.shell:create_environment_hook('autonomy_repo', 'cmake_prefix_path')
[1.262s] INFO:colcon.colcon_core.shell:Creating environment hook '/home/hsh/autonomy_ws/src/autonomy_repo/install/autonomy_repo/share/autonomy_repo/hook/cmake_prefix_path.ps1'
[1.263s] INFO:colcon.colcon_core.shell:Creating environment descriptor '/home/hsh/autonomy_ws/src/autonomy_repo/install/autonomy_repo/share/autonomy_repo/hook/cmake_prefix_path.dsv'
[1.263s] INFO:colcon.colcon_core.shell:Creating environment hook '/home/hsh/autonomy_ws/src/autonomy_repo/install/autonomy_repo/share/autonomy_repo/hook/cmake_prefix_path.sh'
[1.263s] Level 1:colcon.colcon_core.environment:checking '/home/hsh/autonomy_ws/src/autonomy_repo/install/autonomy_repo/lib'
[1.263s] Level 1:colcon.colcon_core.environment:checking '/home/hsh/autonomy_ws/src/autonomy_repo/install/autonomy_repo/bin'
[1.263s] Level 1:colcon.colcon_core.environment:checking '/home/hsh/autonomy_ws/src/autonomy_repo/install/autonomy_repo/lib/pkgconfig/autonomy_repo.pc'
[1.263s] Level 1:colcon.colcon_core.environment:checking '/home/hsh/autonomy_ws/src/autonomy_repo/install/autonomy_repo/lib/python3.10/site-packages'
[1.264s] Level 1:colcon.colcon_core.environment:checking '/home/hsh/autonomy_ws/src/autonomy_repo/install/autonomy_repo/bin'
[1.264s] INFO:colcon.colcon_core.shell:Creating package script '/home/hsh/autonomy_ws/src/autonomy_repo/install/autonomy_repo/share/autonomy_repo/package.ps1'
[1.264s] INFO:colcon.colcon_core.shell:Creating package descriptor '/home/hsh/autonomy_ws/src/autonomy_repo/install/autonomy_repo/share/autonomy_repo/package.dsv'
[1.264s] INFO:colcon.colcon_core.shell:Creating package script '/home/hsh/autonomy_ws/src/autonomy_repo/install/autonomy_repo/share/autonomy_repo/package.sh'
[1.264s] INFO:colcon.colcon_core.shell:Creating package script '/home/hsh/autonomy_ws/src/autonomy_repo/install/autonomy_repo/share/autonomy_repo/package.bash'
[1.265s] INFO:colcon.colcon_core.shell:Creating package script '/home/hsh/autonomy_ws/src/autonomy_repo/install/autonomy_repo/share/autonomy_repo/package.zsh'
[1.265s] Level 1:colcon.colcon_core.environment:create_file_with_runtime_dependencies(/home/hsh/autonomy_ws/src/autonomy_repo/install/autonomy_repo/share/colcon-core/packages/autonomy_repo)
[1.265s] DEBUG:colcon.colcon_parallel_executor.executor.parallel:closing loop
[1.265s] DEBUG:colcon.colcon_parallel_executor.executor.parallel:loop closed
[1.266s] DEBUG:colcon.colcon_parallel_executor.executor.parallel:run_until_complete finished with '0'
[1.266s] DEBUG:colcon.colcon_core.event_reactor:joining thread
[1.270s] INFO:colcon.colcon_core.plugin_system:Skipping extension 'colcon_notification.desktop_notification.terminal_notifier': Not used on non-Darwin systems
[1.270s] INFO:colcon.colcon_core.plugin_system:Skipping extension 'colcon_notification.desktop_notification.win32': Not used on non-Windows systems
[1.270s] INFO:colcon.colcon_notification.desktop_notification:Sending desktop notification using 'notify2'
[1.280s] DEBUG:colcon.colcon_core.event_reactor:joined thread
[1.281s] INFO:colcon.colcon_core.shell:Creating prefix script '/home/hsh/autonomy_ws/src/autonomy_repo/install/local_setup.ps1'
[1.282s] INFO:colcon.colcon_core.shell:Creating prefix util module '/home/hsh/autonomy_ws/src/autonomy_repo/install/_local_setup_util_ps1.py'
[1.283s] INFO:colcon.colcon_core.shell:Creating prefix chain script '/home/hsh/autonomy_ws/src/autonomy_repo/install/setup.ps1'
[1.284s] INFO:colcon.colcon_core.shell:Creating prefix script '/home/hsh/autonomy_ws/src/autonomy_repo/install/local_setup.sh'
[1.284s] INFO:colcon.colcon_core.shell:Creating prefix util module '/home/hsh/autonomy_ws/src/autonomy_repo/install/_local_setup_util_sh.py'
[1.284s] INFO:colcon.colcon_core.shell:Creating prefix chain script '/home/hsh/autonomy_ws/src/autonomy_repo/install/setup.sh'
[1.285s] INFO:colcon.colcon_core.shell:Creating prefix script '/home/hsh/autonomy_ws/src/autonomy_repo/install/local_setup.bash'
[1.286s] INFO:colcon.colcon_core.shell:Creating prefix chain script '/home/hsh/autonomy_ws/src/autonomy_repo/install/setup.bash'
[1.287s] INFO:colcon.colcon_core.shell:Creating prefix script '/home/hsh/autonomy_ws/src/autonomy_repo/install/local_setup.zsh'
[1.287s] INFO:colcon.colcon_core.shell:Creating prefix chain script '/home/hsh/autonomy_ws/src/autonomy_repo/install/setup.zsh'
