[0.014s] Invoking command in '/home/hsh/autonomy_ws/src/autonomy_repo/build/autonomy_repo': CMAKE_PREFIX_PATH=${CMAKE_PREFIX_PATH}:/opt/ros/humble /usr/bin/cmake /home/hsh/autonomy_ws/src/autonomy_repo -DAMENT_CMAKE_SYMLINK_INSTALL=1 -DCMAKE_INSTALL_PREFIX=/home/hsh/autonomy_ws/src/autonomy_repo/install/autonomy_repo
[0.148s] -- The C compiler identification is GNU 12.3.0
[0.218s] -- The CXX compiler identification is GNU 11.4.0
[0.225s] -- Detecting C compiler ABI info
[0.295s] -- Detecting C compiler ABI info - done
[0.300s] -- Check for working C compiler: /usr/bin/cc - skipped
[0.300s] -- Detecting C compile features
[0.301s] -- Detecting C compile features - done
[0.303s] -- Detecting CXX compiler ABI info
[0.381s] -- Detecting CXX compiler ABI info - done
[0.385s] -- Check for working CXX compiler: /usr/bin/c++ - skipped
[0.385s] -- Detecting CXX compile features
[0.385s] -- Detecting CXX compile features - done
[0.390s] -- Found ament_cmake: 1.3.10 (/opt/ros/humble/share/ament_cmake/cmake)
[0.506s] -- Found Python3: /usr/bin/python3 (found version "3.10.12") found components: Interpreter 
[0.552s] -- Override CMake install command with custom implementation using symlinks instead of copying resources
[0.590s] -- Found ament_lint_auto: 0.12.11 (/opt/ros/humble/share/ament_lint_auto/cmake)
[0.658s] -- Added test 'cppcheck' to perform static code analysis on C / C++ code
[0.658s] -- Configured cppcheck include dirs: 
[0.658s] -- Configured cppcheck exclude dirs and/or files: 
[0.659s] -- Added test 'flake8' to check Python code syntax and style conventions
[0.660s] -- Added test 'lint_cmake' to check CMake code style
[0.661s] -- Added test 'pep257' to check Python code against some of the docstring style conventions in PEP 257
[0.665s] -- Added test 'uncrustify' to check C / C++ code style
[0.666s] -- Configured uncrustify additional arguments: 
[0.666s] -- Added test 'xmllint' to check XML markup files
[0.668s] -- Configuring done
[0.670s] -- Generating done
[0.671s] -- Build files have been written to: /home/hsh/autonomy_ws/src/autonomy_repo/build/autonomy_repo
[0.676s] Invoked command in '/home/hsh/autonomy_ws/src/autonomy_repo/build/autonomy_repo' returned '0': CMAKE_PREFIX_PATH=${CMAKE_PREFIX_PATH}:/opt/ros/humble /usr/bin/cmake /home/hsh/autonomy_ws/src/autonomy_repo -DAMENT_CMAKE_SYMLINK_INSTALL=1 -DCMAKE_INSTALL_PREFIX=/home/hsh/autonomy_ws/src/autonomy_repo/install/autonomy_repo
[0.678s] Invoking command in '/home/hsh/autonomy_ws/src/autonomy_repo/build/autonomy_repo': CMAKE_PREFIX_PATH=${CMAKE_PREFIX_PATH}:/opt/ros/humble /usr/bin/cmake --build /home/hsh/autonomy_ws/src/autonomy_repo/build/autonomy_repo -- -j16 -l16
[0.714s] Invoked command in '/home/hsh/autonomy_ws/src/autonomy_repo/build/autonomy_repo' returned '0': CMAKE_PREFIX_PATH=${CMAKE_PREFIX_PATH}:/opt/ros/humble /usr/bin/cmake --build /home/hsh/autonomy_ws/src/autonomy_repo/build/autonomy_repo -- -j16 -l16
[0.751s] Invoking command in '/home/hsh/autonomy_ws/src/autonomy_repo/build/autonomy_repo': CMAKE_PREFIX_PATH=${CMAKE_PREFIX_PATH}:/opt/ros/humble /usr/bin/cmake --install /home/hsh/autonomy_ws/src/autonomy_repo/build/autonomy_repo
[0.758s] -- Install configuration: ""
[0.758s] -- Execute custom install script
[0.758s] -- Symlinking: /home/hsh/autonomy_ws/src/autonomy_repo/install/autonomy_repo/lib/autonomy_repo/navigator.py
[0.766s] -- Symlinking: /home/hsh/autonomy_ws/src/autonomy_repo/install/autonomy_repo/lib/autonomy_repo/heading_controller.py
[0.773s] -- Symlinking: /home/hsh/autonomy_ws/src/autonomy_repo/install/autonomy_repo/share/autonomy_repo/launch/heading_control.launch.py
[0.780s] -- Symlinking: /home/hsh/autonomy_ws/src/autonomy_repo/install/autonomy_repo/share/autonomy_repo/launch/navigator.launch.py
[0.789s] -- Symlinking: /home/hsh/autonomy_ws/src/autonomy_repo/install/autonomy_repo/share/autonomy_repo/rviz/default.rviz
[0.796s] -- Symlinking: /home/hsh/autonomy_ws/src/autonomy_repo/install/autonomy_repo/share/ament_index/resource_index/package_run_dependencies/autonomy_repo
[0.803s] -- Symlinking: /home/hsh/autonomy_ws/src/autonomy_repo/install/autonomy_repo/share/ament_index/resource_index/parent_prefix_path/autonomy_repo
[0.811s] -- Symlinking: /home/hsh/autonomy_ws/src/autonomy_repo/install/autonomy_repo/share/autonomy_repo/environment/ament_prefix_path.sh
[0.819s] -- Symlinking: /home/hsh/autonomy_ws/src/autonomy_repo/install/autonomy_repo/share/autonomy_repo/environment/ament_prefix_path.dsv
[0.826s] -- Symlinking: /home/hsh/autonomy_ws/src/autonomy_repo/install/autonomy_repo/share/autonomy_repo/environment/path.sh
[0.836s] -- Symlinking: /home/hsh/autonomy_ws/src/autonomy_repo/install/autonomy_repo/share/autonomy_repo/environment/path.dsv
[0.843s] -- Symlinking: /home/hsh/autonomy_ws/src/autonomy_repo/install/autonomy_repo/share/autonomy_repo/local_setup.bash
[0.851s] -- Symlinking: /home/hsh/autonomy_ws/src/autonomy_repo/install/autonomy_repo/share/autonomy_repo/local_setup.sh
[0.858s] -- Symlinking: /home/hsh/autonomy_ws/src/autonomy_repo/install/autonomy_repo/share/autonomy_repo/local_setup.zsh
[0.865s] -- Symlinking: /home/hsh/autonomy_ws/src/autonomy_repo/install/autonomy_repo/share/autonomy_repo/local_setup.dsv
[0.873s] -- Symlinking: /home/hsh/autonomy_ws/src/autonomy_repo/install/autonomy_repo/share/autonomy_repo/package.dsv
[0.881s] -- Symlinking: /home/hsh/autonomy_ws/src/autonomy_repo/install/autonomy_repo/share/ament_index/resource_index/packages/autonomy_repo
[0.889s] -- Symlinking: /home/hsh/autonomy_ws/src/autonomy_repo/install/autonomy_repo/share/autonomy_repo/cmake/autonomy_repoConfig.cmake
[0.897s] -- Symlinking: /home/hsh/autonomy_ws/src/autonomy_repo/install/autonomy_repo/share/autonomy_repo/cmake/autonomy_repoConfig-version.cmake
[0.905s] -- Symlinking: /home/hsh/autonomy_ws/src/autonomy_repo/install/autonomy_repo/share/autonomy_repo/package.xml
[0.916s] Invoked command in '/home/hsh/autonomy_ws/src/autonomy_repo/build/autonomy_repo' returned '0': CMAKE_PREFIX_PATH=${CMAKE_PREFIX_PATH}:/opt/ros/humble /usr/bin/cmake --install /home/hsh/autonomy_ws/src/autonomy_repo/build/autonomy_repo
